0 info it worked if it ends with ok
1 verbose cli [ 'node', '/usr/local/bin/npm', 'publish' ]
2 info using npm@2.5.1
3 info using node@v0.12.0
4 verbose publish [ '.' ]
5 silly cache add args [ '.', null ]
6 verbose cache add spec .
7 silly cache add parsed spec { raw: '.',
7 silly cache add   scope: null,
7 silly cache add   name: null,
7 silly cache add   rawSpec: '.',
7 silly cache add   spec: '/Users/Zack/Dropbox/github/redux-async-middleware',
7 silly cache add   type: 'directory' }
8 verbose addLocalDirectory /Users/Zack/.npm/redux-async-middleware/0.1.0/package.tgz not in flight; packing
9 verbose tar pack [ '/Users/Zack/.npm/redux-async-middleware/0.1.0/package.tgz',
9 verbose tar pack   '/Users/Zack/Dropbox/github/redux-async-middleware' ]
10 verbose tarball /Users/Zack/.npm/redux-async-middleware/0.1.0/package.tgz
11 verbose folder /Users/Zack/Dropbox/github/redux-async-middleware
12 info prepublish redux-async-middleware@0.1.0
13 verbose addLocalTarball adding from inside cache /Users/Zack/.npm/redux-async-middleware/0.1.0/package.tgz
14 silly cache afterAdd redux-async-middleware@0.1.0
15 verbose afterAdd /Users/Zack/.npm/redux-async-middleware/0.1.0/package/package.json not in flight; writing
16 verbose afterAdd /Users/Zack/.npm/redux-async-middleware/0.1.0/package/package.json written
17 silly publish { name: 'redux-async-middleware',
17 silly publish   version: '0.1.0',
17 silly publish   description: 'Best way to handling async actions.',
17 silly publish   main: 'index.js',
17 silly publish   scripts: { test: 'echo "Error: no test specified" && exit 1' },
17 silly publish   repository:
17 silly publish    { type: 'git',
17 silly publish      url: 'https://github.com/TossShinHwa/redux-async-middleware.git' },
17 silly publish   author: { name: 'Zack Yang' },
17 silly publish   license: 'MIT',
17 silly publish   bugs: { url: 'https://github.com/TossShinHwa/redux-async-middleware/issues' },
17 silly publish   homepage: 'https://github.com/TossShinHwa/redux-async-middleware',
17 silly publish   dependencies: { superagent: '^1.4.0' },
17 silly publish   readme: '# redux-async-middleware\nBest way to handling async actions.\n',
17 silly publish   readmeFilename: 'README.md',
17 silly publish   gitHead: '5fa905b7631c4c3d85817c88989bedfcc0725e0a',
17 silly publish   _id: 'redux-async-middleware@0.1.0',
17 silly publish   _shasum: 'd54de31273fc9a775b65620abb60272143792ce7',
17 silly publish   _from: '.' }
18 silly mapToRegistry name redux-async-middleware
19 silly mapToRegistry using default registry
20 silly mapToRegistry registry https://registry.npmjs.org/
21 silly mapToRegistry uri https://registry.npmjs.org/redux-async-middleware
22 verbose publish registryBase https://registry.npmjs.org/
23 silly publish uploading /Users/Zack/.npm/redux-async-middleware/0.1.0/package.tgz
24 verbose request uri https://registry.npmjs.org/redux-async-middleware
25 verbose request sending authorization for write operation
26 info attempt registry request try #1 at 5:15:38 PM
27 verbose request using bearer token for auth
28 verbose request id d8548ade3781ec8f
29 http request PUT https://registry.npmjs.org/redux-async-middleware
30 http 403 https://registry.npmjs.org/redux-async-middleware
31 verbose headers { 'content-type': 'application/json',
31 verbose headers   'cache-control': 'max-age=60',
31 verbose headers   'content-length': '114',
31 verbose headers   'accept-ranges': 'bytes',
31 verbose headers   date: 'Mon, 26 Oct 2015 09:15:40 GMT',
31 verbose headers   via: '1.1 varnish',
31 verbose headers   connection: 'keep-alive',
31 verbose headers   'x-served-by': 'cache-nrt6132-NRT',
31 verbose headers   'x-cache': 'MISS',
31 verbose headers   'x-cache-hits': '0',
31 verbose headers   'x-timer': 'S1445850939.897166,VS0,VE540' }
32 verbose request invalidating /Users/Zack/.npm/registry.npmjs.org/redux-async-middleware on PUT
33 error publish Failed PUT 403
34 verbose stack Error: You do not have permission to publish 'redux-async-middleware'. Are you logged in as the correct user? : redux-async-middleware
34 verbose stack     at CachingRegistryClient.<anonymous> (/usr/local/lib/node_modules/npm/node_modules/npm-registry-client/lib/request.js:254:14)
34 verbose stack     at Request._callback (/usr/local/lib/node_modules/npm/node_modules/npm-registry-client/lib/request.js:178:14)
34 verbose stack     at Request.self.callback (/usr/local/lib/node_modules/npm/node_modules/request/request.js:344:22)
34 verbose stack     at Request.emit (events.js:110:17)
34 verbose stack     at Request.<anonymous> (/usr/local/lib/node_modules/npm/node_modules/request/request.js:1239:14)
34 verbose stack     at Request.emit (events.js:129:20)
34 verbose stack     at IncomingMessage.<anonymous> (/usr/local/lib/node_modules/npm/node_modules/request/request.js:1187:12)
34 verbose stack     at IncomingMessage.emit (events.js:129:20)
34 verbose stack     at _stream_readable.js:908:16
34 verbose stack     at process._tickCallback (node.js:355:11)
35 verbose statusCode 403
36 verbose pkgid redux-async-middleware
37 verbose cwd /Users/Zack/Dropbox/github/redux-async-middleware
38 error Darwin 15.0.0
39 error argv "node" "/usr/local/bin/npm" "publish"
40 error node v0.12.0
41 error npm  v2.5.1
42 error code E403
43 error You do not have permission to publish 'redux-async-middleware'. Are you logged in as the correct user? : redux-async-middleware
44 error If you need help, you may report this error at:
44 error     <http://github.com/npm/npm/issues>
45 verbose exit [ 1, true ]
